Connecting to database specified by database.yml
Connecting to database specified by database.yml


Started GET "/assets/rails.png" for 127.0.0.1 at 2014-09-15 13:13:23 -0400
Connecting to database specified by database.yml
Served asset /rails.png - 200 OK (67ms)


Started GET "/users" for 127.0.0.1 at 2014-09-15 13:13:56 -0400
Processing by UsersController#index as HTML
  Rendered users/index.html.erb within layouts/application (15.0ms)
Warning. Error encountered while saving cache c:/Sites/HAP-APP/tmp/cache/sass/3b019d168aaff4ea19b1ff410b838696b9e5d315/users.css.scssc: can't dump anonymous class #<Class:0x40f0bd8>
Compiled users.css  (30ms)  (pid 4540)
Compiled application.css  (100ms)  (pid 4540)
Compiled jquery.js  (5ms)  (pid 4540)
Compiled jquery_ujs.js  (1ms)  (pid 4540)
Compiled users.js  (845ms)  (pid 4540)
Compiled application.js  (1165ms)  (pid 4540)
Completed 200 OK in 1562.1ms (Views: 1562.1ms | ActiveRecord: 0.0ms)


Started GET "/assets/application.css?body=1" for 127.0.0.1 at 2014-09-15 13:13:58 -0400
Served asset /application.css - 200 OK (6ms)


Started GET "/assets/users.css?body=1" for 127.0.0.1 at 2014-09-15 13:13:58 -0400
Served asset /users.css - 200 OK (3ms)


Started GET "/assets/jquery.js?body=1" for 127.0.0.1 at 2014-09-15 13:13:58 -0400
Served asset /jquery.js - 200 OK (47ms)


Started GET "/assets/jquery_ujs.js?body=1" for 127.0.0.1 at 2014-09-15 13:13:58 -0400
Served asset /jquery_ujs.js - 200 OK (16ms)


Started GET "/assets/users.js?body=1" for 127.0.0.1 at 2014-09-15 13:13:58 -0400
Served asset /users.js - 200 OK (2ms)


Started GET "/assets/application.js?body=1" for 127.0.0.1 at 2014-09-15 13:13:58 -0400
Served asset /application.js - 200 OK (12ms)


Started GET "/assets/users.js?body=1" for 127.0.0.1 at 2014-09-15 13:13:58 -0400
Served asset /users.js - 304 Not Modified (0ms)


Started GET "/assets/application.js?body=1" for 127.0.0.1 at 2014-09-15 13:13:58 -0400
Served asset /application.js - 304 Not Modified (0ms)


Started GET "/assets/rails.png" for 127.0.0.1 at 2014-09-15 13:17:00 -0400
Served asset /rails.png - 304 Not Modified (0ms)


Started GET "/" for 127.0.0.1 at 2014-09-15 13:17:37 -0400
Connecting to database specified by database.yml

ActionController::RoutingError (No route matches [GET] "/"):
  actionpack (3.2.19) lib/action_dispatch/middleware/debug_exceptions.rb:21:in `call'
  actionpack (3.2.19) lib/action_dispatch/middleware/show_exceptions.rb:56:in `call'
  railties (3.2.19) lib/rails/rack/logger.rb:32:in `call_app'
  railties (3.2.19) lib/rails/rack/logger.rb:16:in `block in call'
  activesupport (3.2.19) lib/active_support/tagged_logging.rb:22:in `tagged'
  railties (3.2.19) lib/rails/rack/logger.rb:16:in `call'
  actionpack (3.2.19) lib/action_dispatch/middleware/request_id.rb:22:in `call'
  rack (1.4.5) lib/rack/methodoverride.rb:21:in `call'
  rack (1.4.5) lib/rack/runtime.rb:17:in `call'
  activesupport (3.2.19) lib/active_support/cache/strategy/local_cache.rb:72:in `call'
  rack (1.4.5) lib/rack/lock.rb:15:in `call'
  actionpack (3.2.19) lib/action_dispatch/middleware/static.rb:63:in `call'
  railties (3.2.19) lib/rails/engine.rb:484:in `call'
  railties (3.2.19) lib/rails/application.rb:231:in `call'
  rack (1.4.5) lib/rack/content_length.rb:14:in `call'
  railties (3.2.19) lib/rails/rack/log_tailer.rb:17:in `call'
  rack (1.4.5) lib/rack/handler/webrick.rb:59:in `service'
  c:/RailsInstaller/Ruby1.9.3/lib/ruby/1.9.1/webrick/httpserver.rb:138:in `service'
  c:/RailsInstaller/Ruby1.9.3/lib/ruby/1.9.1/webrick/httpserver.rb:94:in `run'
  c:/RailsInstaller/Ruby1.9.3/lib/ruby/1.9.1/webrick/server.rb:191:in `block in start_thread'


  Rendered c:/RailsInstaller/Ruby1.9.3/lib/ruby/gems/1.9.1/gems/actionpack-3.2.19/lib/action_dispatch/middleware/templates/rescues/routing_error.erb within rescues/layout (10.0ms)
Connecting to database specified by database.yml


Started GET "/" for 127.0.0.1 at 2014-09-15 13:19:16 -0400
Connecting to database specified by database.yml

ActionController::RoutingError (No route matches [GET] "/"):
  actionpack (3.2.19) lib/action_dispatch/middleware/debug_exceptions.rb:21:in `call'
  actionpack (3.2.19) lib/action_dispatch/middleware/show_exceptions.rb:56:in `call'
  railties (3.2.19) lib/rails/rack/logger.rb:32:in `call_app'
  railties (3.2.19) lib/rails/rack/logger.rb:16:in `block in call'
  activesupport (3.2.19) lib/active_support/tagged_logging.rb:22:in `tagged'
  railties (3.2.19) lib/rails/rack/logger.rb:16:in `call'
  actionpack (3.2.19) lib/action_dispatch/middleware/request_id.rb:22:in `call'
  rack (1.4.5) lib/rack/methodoverride.rb:21:in `call'
  rack (1.4.5) lib/rack/runtime.rb:17:in `call'
  activesupport (3.2.19) lib/active_support/cache/strategy/local_cache.rb:72:in `call'
  rack (1.4.5) lib/rack/lock.rb:15:in `call'
  actionpack (3.2.19) lib/action_dispatch/middleware/static.rb:63:in `call'
  railties (3.2.19) lib/rails/engine.rb:484:in `call'
  railties (3.2.19) lib/rails/application.rb:231:in `call'
  rack (1.4.5) lib/rack/content_length.rb:14:in `call'
  railties (3.2.19) lib/rails/rack/log_tailer.rb:17:in `call'
  rack (1.4.5) lib/rack/handler/webrick.rb:59:in `service'
  c:/RailsInstaller/Ruby1.9.3/lib/ruby/1.9.1/webrick/httpserver.rb:138:in `service'
  c:/RailsInstaller/Ruby1.9.3/lib/ruby/1.9.1/webrick/httpserver.rb:94:in `run'
  c:/RailsInstaller/Ruby1.9.3/lib/ruby/1.9.1/webrick/server.rb:191:in `block in start_thread'


  Rendered c:/RailsInstaller/Ruby1.9.3/lib/ruby/gems/1.9.1/gems/actionpack-3.2.19/lib/action_dispatch/middleware/templates/rescues/routing_error.erb within rescues/layout (10.0ms)


Started GET "/" for 127.0.0.1 at 2014-09-15 13:20:18 -0400

ActionController::RoutingError (No route matches [GET] "/"):
  actionpack (3.2.19) lib/action_dispatch/middleware/debug_exceptions.rb:21:in `call'
  actionpack (3.2.19) lib/action_dispatch/middleware/show_exceptions.rb:56:in `call'
  railties (3.2.19) lib/rails/rack/logger.rb:32:in `call_app'
  railties (3.2.19) lib/rails/rack/logger.rb:16:in `block in call'
  activesupport (3.2.19) lib/active_support/tagged_logging.rb:22:in `tagged'
  railties (3.2.19) lib/rails/rack/logger.rb:16:in `call'
  actionpack (3.2.19) lib/action_dispatch/middleware/request_id.rb:22:in `call'
  rack (1.4.5) lib/rack/methodoverride.rb:21:in `call'
  rack (1.4.5) lib/rack/runtime.rb:17:in `call'
  activesupport (3.2.19) lib/active_support/cache/strategy/local_cache.rb:72:in `call'
  rack (1.4.5) lib/rack/lock.rb:15:in `call'
  actionpack (3.2.19) lib/action_dispatch/middleware/static.rb:63:in `call'
  railties (3.2.19) lib/rails/engine.rb:484:in `call'
  railties (3.2.19) lib/rails/application.rb:231:in `call'
  rack (1.4.5) lib/rack/content_length.rb:14:in `call'
  railties (3.2.19) lib/rails/rack/log_tailer.rb:17:in `call'
  rack (1.4.5) lib/rack/handler/webrick.rb:59:in `service'
  c:/RailsInstaller/Ruby1.9.3/lib/ruby/1.9.1/webrick/httpserver.rb:138:in `service'
  c:/RailsInstaller/Ruby1.9.3/lib/ruby/1.9.1/webrick/httpserver.rb:94:in `run'
  c:/RailsInstaller/Ruby1.9.3/lib/ruby/1.9.1/webrick/server.rb:191:in `block in start_thread'


  Rendered c:/RailsInstaller/Ruby1.9.3/lib/ruby/gems/1.9.1/gems/actionpack-3.2.19/lib/action_dispatch/middleware/templates/rescues/routing_error.erb within rescues/layout (1.0ms)


Started GET "/users" for 127.0.0.1 at 2014-09-15 13:20:24 -0400
Processing by UsersController#index as HTML
  Rendered users/index.html.erb within layouts/application (1.0ms)
Completed 200 OK in 65.0ms (Views: 65.0ms | ActiveRecord: 0.0ms)


Started GET "/assets/users.css?body=1" for 127.0.0.1 at 2014-09-15 13:20:24 -0400
Served asset /users.css - 304 Not Modified (6ms)


Started GET "/assets/jquery.js?body=1" for 127.0.0.1 at 2014-09-15 13:20:24 -0400
Served asset /jquery.js - 304 Not Modified (5ms)


Started GET "/assets/application.css?body=1" for 127.0.0.1 at 2014-09-15 13:20:24 -0400
Served asset /application.css - 304 Not Modified (5ms)


Started GET "/assets/jquery_ujs.js?body=1" for 127.0.0.1 at 2014-09-15 13:20:25 -0400
Served asset /jquery_ujs.js - 304 Not Modified (6ms)


Started GET "/assets/users.js?body=1" for 127.0.0.1 at 2014-09-15 13:20:25 -0400
Served asset /users.js - 304 Not Modified (3ms)


Started GET "/assets/application.js?body=1" for 127.0.0.1 at 2014-09-15 13:20:25 -0400
Served asset /application.js - 304 Not Modified (10ms)


Started GET "/" for 127.0.0.1 at 2014-09-15 13:22:26 -0400
Connecting to database specified by database.yml
Processing by UsersController#index as HTML
  Rendered users/index.html.erb within layouts/application (42.0ms)
Completed 200 OK in 107.0ms (Views: 107.0ms | ActiveRecord: 0.0ms)


Started GET "/assets/application.css?body=1" for 127.0.0.1 at 2014-09-15 13:22:27 -0400
Served asset /application.css - 304 Not Modified (5ms)


Started GET "/assets/jquery.js?body=1" for 127.0.0.1 at 2014-09-15 13:22:27 -0400
Served asset /jquery.js - 304 Not Modified (6ms)


Started GET "/assets/users.css?body=1" for 127.0.0.1 at 2014-09-15 13:22:27 -0400
Served asset /users.css - 304 Not Modified (3ms)


Started GET "/assets/jquery_ujs.js?body=1" for 127.0.0.1 at 2014-09-15 13:22:27 -0400
Served asset /jquery_ujs.js - 304 Not Modified (5ms)


Started GET "/assets/users.js?body=1" for 127.0.0.1 at 2014-09-15 13:22:28 -0400
Served asset /users.js - 304 Not Modified (3ms)


Started GET "/assets/application.js?body=1" for 127.0.0.1 at 2014-09-15 13:22:28 -0400
Served asset /application.js - 304 Not Modified (44ms)
Connecting to database specified by database.yml
Connecting to database specified by database.yml
  [1m[36m (0.0ms)[0m  [1mselect sqlite_version(*)[0m
  [1m[35m (8.0ms)[0m  CREATE TABLE "schema_migrations" ("version" varchar(255) NOT NULL) 
  [1m[36m (25.0ms)[0m  [1mCREATE UNIQUE INDEX "unique_schema_migrations" ON "schema_migrations" ("version")[0m
  [1m[35m (0.0ms)[0m  SELECT "schema_migrations"."version" FROM "schema_migrations" 
Migrating to CreateUsers (20140915172604)
  [1m[36m (0.0ms)[0m  [1mbegin transaction[0m
  [1m[35m (1.0ms)[0m  CREATE TABLE "users" ("id" INTEGER PRIMARY KEY AUTOINCREMENT NOT NULL, "username" varchar(255), "email" varchar(255), "created_at" datetime NOT NULL, "updated_at" datetime NOT NULL) 
  [1m[36m (0.0ms)[0m  [1mINSERT INTO "schema_migrations" ("version") VALUES ('20140915172604')[0m
  [1m[35m (6.0ms)[0m  commit transaction
  [1m[36m (1.0ms)[0m  [1mSELECT "schema_migrations"."version" FROM "schema_migrations" [0m
Connecting to database specified by database.yml
Connecting to database specified by database.yml


Started GET "/" for 127.0.0.1 at 2014-09-15 13:54:39 -0400
Connecting to database specified by database.yml
Processing by UsersController#index as HTML
  [1m[36mUser Load (1.0ms)[0m  [1mSELECT "users".* FROM "users" [0m
  Rendered users/index.html.erb within layouts/application (51.0ms)
Completed 200 OK in 239.0ms (Views: 122.0ms | ActiveRecord: 10.0ms)


Started GET "/assets/users.css?body=1" for 127.0.0.1 at 2014-09-15 13:54:41 -0400
Served asset /users.css - 304 Not Modified (5ms)


Started GET "/assets/jquery.js?body=1" for 127.0.0.1 at 2014-09-15 13:54:41 -0400
Served asset /jquery.js - 304 Not Modified (4ms)


Started GET "/assets/users.js?body=1" for 127.0.0.1 at 2014-09-15 13:54:41 -0400
Served asset /users.js - 304 Not Modified (3ms)


Started GET "/assets/application.css?body=1" for 127.0.0.1 at 2014-09-15 13:54:41 -0400
Served asset /application.css - 304 Not Modified (6ms)


Started GET "/assets/jquery_ujs.js?body=1" for 127.0.0.1 at 2014-09-15 13:54:41 -0400
Served asset /jquery_ujs.js - 304 Not Modified (3ms)


Started GET "/assets/application.js?body=1" for 127.0.0.1 at 2014-09-15 13:54:41 -0400
Served asset /application.js - 304 Not Modified (56ms)


Started GET "/" for 127.0.0.1 at 2014-09-15 13:55:57 -0400
Connecting to database specified by database.yml
Processing by UsersController#index as HTML
  [1m[36mUser Load (0.0ms)[0m  [1mSELECT "users".* FROM "users" [0m
  Rendered users/index.html.erb within layouts/application (15.0ms)
Completed 200 OK in 267.0ms (Views: 131.0ms | ActiveRecord: 13.0ms)


Started GET "/assets/users.css?body=1" for 127.0.0.1 at 2014-09-15 13:55:58 -0400
Served asset /users.css - 304 Not Modified (6ms)


Started GET "/assets/jquery.js?body=1" for 127.0.0.1 at 2014-09-15 13:55:58 -0400
Served asset /jquery.js - 304 Not Modified (6ms)


Started GET "/assets/application.js?body=1" for 127.0.0.1 at 2014-09-15 13:55:58 -0400
Served asset /application.js - 304 Not Modified (9ms)


Started GET "/assets/jquery_ujs.js?body=1" for 127.0.0.1 at 2014-09-15 13:55:58 -0400
Served asset /jquery_ujs.js - 304 Not Modified (50ms)


Started GET "/assets/application.css?body=1" for 127.0.0.1 at 2014-09-15 13:55:58 -0400
Served asset /application.css - 304 Not Modified (6ms)


Started GET "/assets/users.js?body=1" for 127.0.0.1 at 2014-09-15 13:55:58 -0400
Served asset /users.js - 304 Not Modified (3ms)


Started GET "/" for 127.0.0.1 at 2014-09-15 16:04:14 -0400
Connecting to database specified by database.yml
Processing by UsersController#index as HTML
  [1m[36mUser Load (1.0ms)[0m  [1mSELECT "users".* FROM "users" [0m
  Rendered users/index.html.erb within layouts/application (51.0ms)
Warning. Error encountered while saving cache c:/Sites/HAP-APP/tmp/cache/sass/3b019d168aaff4ea19b1ff410b838696b9e5d315/users.css.scssc: can't dump anonymous class #<Class:0x43b08e8>
Compiled users.css  (14ms)  (pid 6056)
Compiled application.css  (0ms)  (pid 6056)
Completed 200 OK in 333.0ms (Views: 211.0ms | ActiveRecord: 10.0ms)


Started GET "/assets/jquery.js?body=1" for 127.0.0.1 at 2014-09-15 16:04:16 -0400
Served asset /jquery.js - 304 Not Modified (8ms)


Started GET "/assets/jquery_ujs.js?body=1" for 127.0.0.1 at 2014-09-15 16:04:16 -0400
Served asset /jquery_ujs.js - 304 Not Modified (4ms)


Started GET "/assets/users.js?body=1" for 127.0.0.1 at 2014-09-15 16:04:16 -0400
Served asset /users.js - 304 Not Modified (3ms)


Started GET "/assets/application.css?body=1" for 127.0.0.1 at 2014-09-15 16:04:16 -0400
Served asset /application.css - 304 Not Modified (8ms)


Started GET "/assets/users.css?body=1" for 127.0.0.1 at 2014-09-15 16:04:16 -0400
Served asset /users.css - 200 OK (3ms)


Started GET "/assets/application.js?body=1" for 127.0.0.1 at 2014-09-15 16:04:16 -0400
Served asset /application.js - 304 Not Modified (50ms)


Started GET "/" for 127.0.0.1 at 2014-09-15 16:06:15 -0400
Connecting to database specified by database.yml
Processing by UsersController#index as HTML
  [1m[36mUser Load (1.0ms)[0m  [1mSELECT "users".* FROM "users" [0m
  Rendered users/index.html.erb within layouts/application (19.0ms)
Warning. Error encountered while saving cache c:/Sites/HAP-APP/tmp/cache/sass/3b019d168aaff4ea19b1ff410b838696b9e5d315/users.css.scssc: can't dump anonymous class #<Class:0x41008e0>
Compiled users.css  (13ms)  (pid 8640)
Compiled application.css  (2ms)  (pid 8640)
Completed 200 OK in 353.0ms (Views: 263.0ms | ActiveRecord: 11.0ms)


Started GET "/assets/application.css?body=1" for 127.0.0.1 at 2014-09-15 16:06:17 -0400
Served asset /application.css - 304 Not Modified (20ms)


Started GET "/assets/users.css?body=1" for 127.0.0.1 at 2014-09-15 16:06:17 -0400
Served asset /users.css - 200 OK (3ms)


Started GET "/assets/jquery.js?body=1" for 127.0.0.1 at 2014-09-15 16:06:17 -0400
Served asset /jquery.js - 304 Not Modified (49ms)


Started GET "/assets/users.js?body=1" for 127.0.0.1 at 2014-09-15 16:06:17 -0400
Served asset /users.js - 304 Not Modified (5ms)


Started GET "/assets/jquery_ujs.js?body=1" for 127.0.0.1 at 2014-09-15 16:06:17 -0400
Served asset /jquery_ujs.js - 304 Not Modified (4ms)


Started GET "/assets/application.js?body=1" for 127.0.0.1 at 2014-09-15 16:06:17 -0400
Served asset /application.js - 304 Not Modified (12ms)
Connecting to database specified by database.yml
Connecting to database specified by database.yml
  [1m[36m (0.0ms)[0m  [1mSELECT "schema_migrations"."version" FROM "schema_migrations" [0m
Migrating to CreateUsers (20140915172604)
Migrating to CreateTrails (20140915225208)
  [1m[35m (0.0ms)[0m  select sqlite_version(*)
  [1m[36m (0.0ms)[0m  [1mbegin transaction[0m
  [1m[35m (0.0ms)[0m  rollback transaction
Connecting to database specified by database.yml
Connecting to database specified by database.yml
Connecting to database specified by database.yml
Connecting to database specified by database.yml
Connecting to database specified by database.yml
  [1m[36m (0.0ms)[0m  [1mSELECT "schema_migrations"."version" FROM "schema_migrations" [0m
Migrating to CreateUsers (20140915172604)
Migrating to CreateTrails (20140915225208)
  [1m[35m (0.0ms)[0m  select sqlite_version(*)
  [1m[36m (1.0ms)[0m  [1mbegin transaction[0m
  [1m[35m (0.0ms)[0m  rollback transaction
Connecting to database specified by database.yml
  [1m[36m (0.0ms)[0m  [1mSELECT "schema_migrations"."version" FROM "schema_migrations" [0m
Migrating to CreateUsers (20140915172604)
Migrating to CreateTrails (20140915225208)
  [1m[35m (0.0ms)[0m  select sqlite_version(*)
  [1m[36m (0.0ms)[0m  [1mbegin transaction[0m
  [1m[35m (0.0ms)[0m  rollback transaction
Connecting to database specified by database.yml
  [1m[36m (0.0ms)[0m  [1mSELECT "schema_migrations"."version" FROM "schema_migrations" [0m
Migrating to CreateUsers (20140915172604)
Migrating to CreateTrails (20140915225208)
  [1m[35m (0.0ms)[0m  select sqlite_version(*)
  [1m[36m (0.0ms)[0m  [1mbegin transaction[0m
  [1m[35m (2.0ms)[0m  CREATE TABLE "trails" ("id" INTEGER PRIMARY KEY AUTOINCREMENT NOT NULL, "name" varchar(255), "description" varchar(255), "rating" integer(5), "created_at" datetime NOT NULL, "updated_at" datetime NOT NULL) 
  [1m[36m (1.0ms)[0m  [1mINSERT INTO "schema_migrations" ("version") VALUES ('20140915225208')[0m
  [1m[35m (7.0ms)[0m  commit transaction
  [1m[36m (0.0ms)[0m  [1mSELECT "schema_migrations"."version" FROM "schema_migrations" [0m
Connecting to database specified by database.yml
Connecting to database specified by database.yml
Connecting to database specified by database.yml
Connecting to database specified by database.yml
Connecting to database specified by database.yml


Started GET "/" for 127.0.0.1 at 2014-09-15 19:47:25 -0400
Connecting to database specified by database.yml
Processing by TrailsController#index as HTML
Completed 500 Internal Server Error in 105.0ms

NoMethodError (undefined method `all?' for #<Class:0x5b2fb88>):
  app/controllers/trails_controller.rb:3:in `index'


  Rendered c:/RailsInstaller/Ruby1.9.3/lib/ruby/gems/1.9.1/gems/actionpack-3.2.19/lib/action_dispatch/middleware/templates/rescues/_trace.erb (3.0ms)
  Rendered c:/RailsInstaller/Ruby1.9.3/lib/ruby/gems/1.9.1/gems/actionpack-3.2.19/lib/action_dispatch/middleware/templates/rescues/_request_and_response.erb (1.0ms)
  Rendered c:/RailsInstaller/Ruby1.9.3/lib/ruby/gems/1.9.1/gems/actionpack-3.2.19/lib/action_dispatch/middleware/templates/rescues/diagnostics.erb within rescues/layout (131.0ms)


Started GET "/" for 127.0.0.1 at 2014-09-15 19:53:21 -0400
Connecting to database specified by database.yml
Processing by TrailsController#index as HTML
  [1m[36mTrail Load (0.0ms)[0m  [1mSELECT "trails".* FROM "trails" [0m
  Rendered trails/index.html.erb within layouts/application (44.0ms)
Warning. Error encountered while saving cache c:/Sites/HAP-APP/tmp/cache/sass/3b019d168aaff4ea19b1ff410b838696b9e5d315/trails.css.scssc: can't dump anonymous class #<Class:0x42f8be0>
Compiled trails.css  (11ms)  (pid 9840)
Compiled application.css  (45ms)  (pid 9840)
Compiled trails.js  (636ms)  (pid 9840)
Compiled application.js  (692ms)  (pid 9840)
Completed 200 OK in 1162.1ms (Views: 1043.1ms | ActiveRecord: 8.0ms)


Started GET "/assets/jquery.js?body=1" for 127.0.0.1 at 2014-09-15 19:53:24 -0400
Served asset /jquery.js - 304 Not Modified (5ms)


Started GET "/assets/trails.js?body=1" for 127.0.0.1 at 2014-09-15 19:53:24 -0400
Served asset /trails.js - 200 OK (2ms)


Started GET "/assets/trails.css?body=1" for 127.0.0.1 at 2014-09-15 19:53:24 -0400
Served asset /trails.css - 200 OK (3ms)


Started GET "/assets/application.css?body=1" for 127.0.0.1 at 2014-09-15 19:53:24 -0400
Served asset /application.css - 304 Not Modified (6ms)


Started GET "/assets/users.css?body=1" for 127.0.0.1 at 2014-09-15 19:53:24 -0400
Served asset /users.css - 304 Not Modified (3ms)


Started GET "/assets/jquery_ujs.js?body=1" for 127.0.0.1 at 2014-09-15 19:53:24 -0400
Served asset /jquery_ujs.js - 304 Not Modified (7ms)


Started GET "/assets/users.js?body=1" for 127.0.0.1 at 2014-09-15 19:53:24 -0400
Served asset /users.js - 304 Not Modified (3ms)


Started GET "/assets/application.js?body=1" for 127.0.0.1 at 2014-09-15 19:53:24 -0400
Served asset /application.js - 304 Not Modified (47ms)
